<?xml version="1.0" encoding="UTF-8"?>
<!-- Generated by org.testng.reporters.JUnitXMLReporter -->
<testsuite ignored="0" hostname="Tushar" failures="1" tests="6" name="Test" time="0.05" errors="0" timestamp="2022-08-11T19:01:16 IST">
  <testcase classname="dependsonmethod.AnotherClass" name="AAA" time="0.007"/>
  <testcase classname="dependsonmethod.DependsOnMethod" name="a" time="0.0"/>
  <testcase classname="dependsonmethod.DependsOnMethod" name="b" time="0.003">
    <failure type="java.lang.AssertionError" message="null">
      <![CDATA[java.lang.AssertionError: null
at dependsonmethod.DependsOnMethod.b(DependsOnMethod.java:17)
at java.base/java.util.ArrayList.forEach(ArrayList.java:1511)
... Removed 29 stack frames]]>
    </failure>
  </testcase> <!-- b -->
  <testcase classname="dependsonmethod.AnotherClass" name="BBB" time="0.0">
    <skipped/>
  </testcase> <!-- BBB -->
  <testcase classname="dependsonmethod.DependsOnMethod" name="c" time="0.001"/>
  <testcase classname="dependsonmethod.DependsOnMethod" name="d" time="0.0">
    <skipped/>
  </testcase> <!-- d -->
</testsuite> <!-- Test -->
